<?xml version="1.0" encoding="UTF-8"?>
<!-- Generated by org.testng.reporters.JUnitReportReporter -->
<testsuite skipped="0" hostname="candra-PC" name="mavenmyproject.Test1" tests="4" failures="0" timestamp="14 Jan 2021 15:00:19 GMT" time="0.073" errors="0">
  <testcase name="mul" time="0.004" classname="mavenmyproject.Test1"/>
  <testcase name="add" time="0.062" classname="mavenmyproject.Test1"/>
  <testcase name="div" time="0.004" classname="mavenmyproject.Test1"/>
  <testcase name="sub" time="0.003" classname="mavenmyproject.Test1"/>
</testsuite> <!-- mavenmyproject.Test1 -->
